<?xml version="1.0" encoding="UTF-8"?>
<testng-results ignored="0" total="1" passed="1" failed="0" skipped="0">
  <reporter-output>
    <line>
      <![CDATA[database connected]]>
    </line>
    <line>
      <![CDATA[browser launched]]>
    </line>
    <line>
      <![CDATA[logged in successfully]]>
    </line>
    <line>
      <![CDATA[logged out successfully]]>
    </line>
    <line>
      <![CDATA[browser closed]]>
    </line>
    <line>
      <![CDATA[data base disconnected]]>
    </line>
  </reporter-output>
  <suite started-at="2023-10-07T16:05:11 IST" name="Default suite" finished-at="2023-10-07T16:05:33 IST" duration-ms="22039">
    <groups>
    </groups>
    <test started-at="2023-10-07T16:05:11 IST" name="Default test" finished-at="2023-10-07T16:05:33 IST" duration-ms="22039">
      <class name="com.Actitime.Testscripts.CreateCustomer">
        <test-method is-config="true" signature="DataBaseConnection()[pri:0, instance:com.Actitime.Testscripts.CreateCustomer@61c4eee0]" started-at="2023-10-07T16:05:11 IST" name="DataBaseConnection" finished-at="2023-10-07T16:05:11 IST" duration-ms="14" status="PASS">
          <reporter-output>
            <line>
              <![CDATA[database connected]]>
            </line>
          </reporter-output>
        </test-method> <!-- DataBaseConnection -->
        <test-method is-config="true" signature="launchBrowser()[pri:0, instance:com.Actitime.Testscripts.CreateCustomer@61c4eee0]" started-at="2023-10-07T16:05:11 IST" name="launchBrowser" finished-at="2023-10-07T16:05:23 IST" duration-ms="11375" status="PASS">
          <reporter-output>
            <line>
              <![CDATA[browser launched]]>
            </line>
          </reporter-output>
        </test-method> <!-- launchBrowser -->
        <test-method is-config="true" signature="login()[pri:0, instance:com.Actitime.Testscripts.CreateCustomer@61c4eee0]" started-at="2023-10-07T16:05:23 IST" name="login" finished-at="2023-10-07T16:05:23 IST" duration-ms="336" status="PASS">
          <reporter-output>
            <line>
              <![CDATA[logged in successfully]]>
            </line>
          </reporter-output>
        </test-method> <!-- login -->
        <test-method signature="create()[pri:0, instance:com.Actitime.Testscripts.CreateCustomer@61c4eee0]" started-at="2023-10-07T16:05:23 IST" name="create" finished-at="2023-10-07T16:05:31 IST" duration-ms="7945" status="PASS">
          <reporter-output>
          </reporter-output>
        </test-method> <!-- create -->
        <test-method is-config="true" signature="logout()[pri:0, instance:com.Actitime.Testscripts.CreateCustomer@61c4eee0]" started-at="2023-10-07T16:05:31 IST" name="logout" finished-at="2023-10-07T16:05:33 IST" duration-ms="2132" status="PASS">
          <reporter-output>
            <line>
              <![CDATA[logged out successfully]]>
            </line>
          </reporter-output>
        </test-method> <!-- logout -->
        <test-method is-config="true" signature="closeBrowser()[pri:0, instance:com.Actitime.Testscripts.CreateCustomer@61c4eee0]" started-at="2023-10-07T16:05:33 IST" name="closeBrowser" finished-at="2023-10-07T16:05:33 IST" duration-ms="201" status="PASS">
          <reporter-output>
            <line>
              <![CDATA[browser closed]]>
            </line>
          </reporter-output>
        </test-method> <!-- closeBrowser -->
        <test-method is-config="true" signature="databaseDisconnection()[pri:0, instance:com.Actitime.Testscripts.CreateCustomer@61c4eee0]" started-at="2023-10-07T16:05:33 IST" name="databaseDisconnection" finished-at="2023-10-07T16:05:33 IST" duration-ms="3" status="PASS">
          <reporter-output>
            <line>
              <![CDATA[data base disconnected]]>
            </line>
          </reporter-output>
        </test-method> <!-- databaseDisconnection -->
      </class> <!-- com.Actitime.Testscripts.CreateCustomer -->
    </test> <!-- Default test -->
  </suite> <!-- Default suite -->
</testng-results>
